eventer/build/outputs/logs/manifest-merger-debug-report.txt
-- Merging decision tree log ---
manifest
ADDED from src\main\AndroidManifest.xml:2:1-321:12
	package
		ADDED from src\main\AndroidManifest.xml:4:5-30
		INJECTED from src\main\AndroidManifest.xml
		INJECTED from src\main\AndroidManifest.xml
	android:versionName
		ADDED from src\main\AndroidManifest.xml:6:5-32
		INJECTED from src\main\AndroidManifest.xml
		INJECTED from src\main\AndroidManifest.xml
	xmlns:tools
		ADDED from src\main\AndroidManifest.xml:3:5-51
	android:versionCode
		ADDED from src\main\AndroidManifest.xml:5:5-28
		INJECTED from src\main\AndroidManifest.xml
		INJECTED from src\main\AndroidManifest.xml
	xmlns:android
		ADDED from src\main\AndroidManifest.xml:2:11-69
uses-permission#android.permission.VIBRATE
ADDED from src\main\AndroidManifest.xml:8:5-66
	android:name
		ADDED from src\main\AndroidManifest.xml:8:22-63
uses-permission#android.permission.INTERNET
ADDED from src\main\AndroidManifest.xml:9:5-67
	android:name
		ADDED from src\main\AndroidManifest.xml:9:22-64
uses-permission#android.permission.RECORD_AUDIO
ADDED from src\main\AndroidManifest.xml:10:5-71
	android:name
		ADDED from src\main\AndroidManifest.xml:10:22-68
uses-permission#android.permission.CAMERA
ADDED from src\main\AndroidManifest.xml:11:5-65
	android:name
		ADDED from src\main\AndroidManifest.xml:11:22-62
uses-permission#android.permission.ACCESS_NETWORK_STATE
ADDED from src\main\AndroidManifest.xml:12:5-79
	android:name
		ADDED from src\main\AndroidManifest.xml:12:22-76
uses-permission#android.permission.ACCESS_WIFI_STATE
ADDED from src\main\AndroidManifest.xml:13:5-76
	android:name
		ADDED from src\main\AndroidManifest.xml:13:22-73
uses-permission#android.permission.CHANGE_NETWORK_STATE
ADDED from src\main\AndroidManifest.xml:14:5-79
	android:name
		ADDED from src\main\AndroidManifest.xml:14:22-76
uses-permission#android.permission.CHANGE_WIFI_STATE
ADDED from src\main\AndroidManifest.xml:15:5-76
	android:name
		ADDED from src\main\AndroidManifest.xml:15:22-73
uses-permission#android.permission.WRITE_EXTERNAL_STORAGE
ADDED from src\main\AndroidManifest.xml:16:5-81
	android:name
		ADDED from src\main\AndroidManifest.xml:16:22-78
uses-permission#android.permission.MOUNT_UNMOUNT_FILESYSTEMS
ADDED from src\main\AndroidManifest.xml:17:5-84
	android:name
		ADDED from src\main\AndroidManifest.xml:17:22-81
uses-permission#android.permission.ACCESS_FINE_LOCATION
ADDED from src\main\AndroidManifest.xml:18:5-79
	android:name
		ADDED from src\main\AndroidManifest.xml:18:22-76
uses-permission#android.permission.GET_TASKS
ADDED from src\main\AndroidManifest.xml:19:5-68
	android:name
		ADDED from src\main\AndroidManifest.xml:19:22-65
uses-permission#android.permission.WAKE_LOCK
ADDED from src\main\AndroidManifest.xml:20:5-68
	android:name
		ADDED from src\main\AndroidManifest.xml:20:22-65
uses-permission#android.permission.MODIFY_AUDIO_SETTINGS
ADDED from src\main\AndroidManifest.xml:21:5-80
	android:name
		ADDED from src\main\AndroidManifest.xml:21:22-77
uses-permission#android.permission.RECEIVE_BOOT_COMPLETED
ADDED from src\main\AndroidManifest.xml:22:5-81
	android:name
		ADDED from src\main\AndroidManifest.xml:22:22-78
uses-permission#android.permission.GET_ACCOUNTS
ADDED from src\main\AndroidManifest.xml:23:5-71
	android:name
		ADDED from src\main\AndroidManifest.xml:23:22-68
uses-permission#android.permission.USE_CREDENTIALS
ADDED from src\main\AndroidManifest.xml:24:5-74
	android:name
		ADDED from src\main\AndroidManifest.xml:24:22-71
uses-permission#android.permission.MANAGE_ACCOUNTS
ADDED from src\main\AndroidManifest.xml:25:5-74
	android:name
		ADDED from src\main\AndroidManifest.xml:25:22-71
uses-permission#android.permission.AUTHENTICATE_ACCOUNTS
ADDED from src\main\AndroidManifest.xml:26:5-80
	android:name
		ADDED from src\main\AndroidManifest.xml:26:22-77
uses-permission#com.android.launcher.permission.READ_SETTINGS
ADDED from src\main\AndroidManifest.xml:27:5-85
	android:name
		ADDED from src\main\AndroidManifest.xml:27:22-82
uses-permission#android.permission.BROADCAST_STICKY
ADDED from src\main\AndroidManifest.xml:28:5-75
	android:name
		ADDED from src\main\AndroidManifest.xml:28:22-72
uses-permission#android.permission.WRITE_SETTINGS
ADDED from src\main\AndroidManifest.xml:29:5-73
	android:name
		ADDED from src\main\AndroidManifest.xml:29:22-70
uses-permission#android.permission.READ_CONTACTS
ADDED from src\main\AndroidManifest.xml:30:5-72
	android:name
		ADDED from src\main\AndroidManifest.xml:30:22-69
uses-permission#android.permission.READ_PHONE_STATE
ADDED from src\main\AndroidManifest.xml:31:5-75
	android:name
		ADDED from src\main\AndroidManifest.xml:31:22-72
uses-permission#android.permission.RECEIVE_SMS
ADDED from src\main\AndroidManifest.xml:32:5-70
	android:name
		ADDED from src\main\AndroidManifest.xml:32:22-67
uses-permission#android.permission.SYSTEM_ALERT_WINDOW
ADDED from src\main\AndroidManifest.xml:33:5-78
	android:name
		ADDED from src\main\AndroidManifest.xml:33:22-75
uses-permission#android.permission.SEND_SMS
ADDED from src\main\AndroidManifest.xml:34:5-67
	android:name
		ADDED from src\main\AndroidManifest.xml:34:22-64
application
ADDED from src\main\AndroidManifest.xml:37:5-319:19
MERGED from [ProjectAS:sMSSDK:unspecified] AndroidManifest.xml:12:5-13:19
MERGED from [com.android.support:appcompat-v7:23.1.1] AndroidManifest.xml:22:5-20
MERGED from [com.android.support:support-v4:23.1.1] AndroidManifest.xml:22:5-20
MERGED from [com.android.support:support-v4:23.1.1] AndroidManifest.xml:22:5-20
	android:screenOrientation
		ADDED from src\main\AndroidManifest.xml:43:9-45
	android:label
		ADDED from src\main\AndroidManifest.xml:42:9-41
	android:supportsRtl
		ADDED from src\main\AndroidManifest.xml:45:9-35
	android:exported
		ADDED from src\main\AndroidManifest.xml:44:9-32
	android:debuggable
		ADDED from src\main\AndroidManifest.xml:46:9-34
	tools:ignore
		ADDED from src\main\AndroidManifest.xml:48:9-42
	android:configChanges
		ADDED from src\main\AndroidManifest.xml:40:9-55
	android:allowBackup
		ADDED from src\main\AndroidManifest.xml:39:9-35
	android:icon
		ADDED from src\main\AndroidManifest.xml:41:9-45
	android:theme
		ADDED from src\main\AndroidManifest.xml:47:9-60
	android:name
		ADDED from src\main\AndroidManifest.xml:38:9-38
activity#com.eventer.app.main.MainActivity
ADDED from src\main\AndroidManifest.xml:49:9-54:20
	android:label
		ADDED from src\main\AndroidManifest.xml:51:13-45
	android:launchMode
		ADDED from src\main\AndroidManifest.xml:52:13-44
	android:theme
		ADDED from src\main\AndroidManifest.xml:53:13-72
	android:name
		ADDED from src\main\AndroidManifest.xml:50:13-46
activity#com.eventer.app.main.LoginActivity
ADDED from src\main\AndroidManifest.xml:55:9-59:20
	android:label
		ADDED from src\main\AndroidManifest.xml:57:13-57
	android:launchMode
		ADDED from src\main\AndroidManifest.xml:58:13-43
	android:name
		ADDED from src\main\AndroidManifest.xml:56:13-47
activity#com.eventer.app.main.LoadActivity
ADDED from src\main\AndroidManifest.xml:61:9-71:20
	android:screenOrientation
		ADDED from src\main\AndroidManifest.xml:63:13-49
	android:windowSoftInputMode
		ADDED from src\main\AndroidManifest.xml:65:13-72
	android:theme
		ADDED from src\main\AndroidManifest.xml:64:13-52
	android:name
		ADDED from src\main\AndroidManifest.xml:62:13-46
intent-filter#android.intent.action.MAIN+android.intent.category.LAUNCHER
ADDED from src\main\AndroidManifest.xml:66:13-70:29
action#android.intent.action.MAIN
ADDED from src\main\AndroidManifest.xml:67:17-69
	android:name
		ADDED from src\main\AndroidManifest.xml:67:25-66
category#android.intent.category.LAUNCHER
ADDED from src\main\AndroidManifest.xml:69:17-77
	android:name
		ADDED from src\main\AndroidManifest.xml:69:27-74
activity#com.eventer.app.main.RegisterActivity
ADDED from src\main\AndroidManifest.xml:72:9-75:20
	android:name
		ADDED from src\main\AndroidManifest.xml:73:13-50
activity#com.eventer.app.main.ResetPwdActivity
ADDED from src\main\AndroidManifest.xml:77:9-80:20
	android:name
		ADDED from src\main\AndroidManifest.xml:78:13-50
activity#com.eventer.app.main.CheckPhoneActivity
ADDED from src\main\AndroidManifest.xml:81:9-83:20
	android:name
		ADDED from src\main\AndroidManifest.xml:82:13-52
activity#com.eventer.app.other.Activity_Chat
ADDED from src\main\AndroidManifest.xml:84:9-88:20
	android:screenOrientation
		ADDED from src\main\AndroidManifest.xml:86:13-49
	android:theme
		ADDED from src\main\AndroidManifest.xml:87:13-64
	android:name
		ADDED from src\main\AndroidManifest.xml:85:13-48
activity#com.eventer.app.other.Activity_Course_View
ADDED from src\main\AndroidManifest.xml:89:9-92:20
	android:screenOrientation
		ADDED from src\main\AndroidManifest.xml:91:13-49
	android:name
		ADDED from src\main\AndroidManifest.xml:90:13-55
activity#com.eventer.app.other.Activity_Course_Edit
ADDED from src\main\AndroidManifest.xml:93:9-96:20
	android:screenOrientation
		ADDED from src\main\AndroidManifest.xml:95:13-49
	android:name
		ADDED from src\main\AndroidManifest.xml:94:13-55
activity#com.eventer.app.other.Activity_Course_Setting
ADDED from src\main\AndroidManifest.xml:97:9-100:20
	android:screenOrientation
		ADDED from src\main\AndroidManifest.xml:99:13-49
	android:name
		ADDED from src\main\AndroidManifest.xml:98:13-58
activity#com.eventer.app.other.Activity_AddCourse
ADDED from src\main\AndroidManifest.xml:101:9-104:20
	android:screenOrientation
		ADDED from src\main\AndroidManifest.xml:103:13-49
	android:name
		ADDED from src\main\AndroidManifest.xml:102:13-53
activity#com.eventer.app.other.Activity_AddCourseTable
ADDED from src\main\AndroidManifest.xml:105:9-109:20
	android:screenOrientation
		ADDED from src\main\AndroidManifest.xml:107:13-49
	android:theme
		ADDED from src\main\AndroidManifest.xml:108:13-46
	android:name
		ADDED from src\main\AndroidManifest.xml:106:13-58
activity#com.eventer.app.other.Activity_CourseTable_View
ADDED from src\main\AndroidManifest.xml:110:9-113:20
	android:screenOrientation
		ADDED from src\main\AndroidManifest.xml:112:13-49
	android:name
		ADDED from src\main\AndroidManifest.xml:111:13-60
activity#com.eventer.app.other.Activity_Contact
ADDED from src\main\AndroidManifest.xml:114:9-118:20
	android:screenOrientation
		ADDED from src\main\AndroidManifest.xml:116:13-49
	android:theme
		ADDED from src\main\AndroidManifest.xml:117:13-64
	android:name
		ADDED from src\main\AndroidManifest.xml:115:13-51
activity#com.eventer.app.other.Activity_Friends_New
ADDED from src\main\AndroidManifest.xml:119:9-123:20
	android:screenOrientation
		ADDED from src\main\AndroidManifest.xml:122:13-49
	android:launchMode
		ADDED from src\main\AndroidManifest.xml:121:13-44
	android:name
		ADDED from src\main\AndroidManifest.xml:120:13-55
activity#com.eventer.app.other.LocalContactActivity
ADDED from src\main\AndroidManifest.xml:124:9-127:20
	android:screenOrientation
		ADDED from src\main\AndroidManifest.xml:126:13-49
	android:name
		ADDED from src\main\AndroidManifest.xml:125:13-55
activity#com.eventer.app.other.Activity_UserInfo
ADDED from src\main\AndroidManifest.xml:128:9-132:20
	android:screenOrientation
		ADDED from src\main\AndroidManifest.xml:130:13-49
	android:theme
		ADDED from src\main\AndroidManifest.xml:131:13-64
	android:name
		ADDED from src\main\AndroidManifest.xml:129:13-52
activity#com.eventer.app.other.Activity_Friends_Search
ADDED from src\main\AndroidManifest.xml:133:9-136:20
	android:screenOrientation
		ADDED from src\main\AndroidManifest.xml:135:13-49
	android:name
		ADDED from src\main\AndroidManifest.xml:134:13-58
activity#com.eventer.app.other.Calendar_AddSchedual
ADDED from src\main\AndroidManifest.xml:137:9-140:20
	android:screenOrientation
		ADDED from src\main\AndroidManifest.xml:139:13-49
	android:name
		ADDED from src\main\AndroidManifest.xml:138:13-55
activity#com.eventer.app.other.Calendar_ViewSchedual
ADDED from src\main\AndroidManifest.xml:141:9-144:20
	android:screenOrientation
		ADDED from src\main\AndroidManifest.xml:143:13-49
	android:name
		ADDED from src\main\AndroidManifest.xml:142:13-56
activity#com.eventer.app.other.Activity_Friends_Add
ADDED from src\main\AndroidManifest.xml:145:9-148:20
	android:screenOrientation
		ADDED from src\main\AndroidManifest.xml:147:13-49
	android:name
		ADDED from src\main\AndroidManifest.xml:146:13-55
activity#com.eventer.app.other.MyUserInfoActivity
ADDED from src\main\AndroidManifest.xml:161:9-164:20
	android:screenOrientation
		ADDED from src\main\AndroidManifest.xml:163:13-49
	android:name
		ADDED from src\main\AndroidManifest.xml:162:13-53
activity#com.eventer.app.other.ShowBigImage
ADDED from src\main\AndroidManifest.xml:165:9-169:20
	android:screenOrientation
		ADDED from src\main\AndroidManifest.xml:167:13-49
	android:theme
		ADDED from src\main\AndroidManifest.xml:168:13-64
	android:name
		ADDED from src\main\AndroidManifest.xml:166:13-47
activity#com.eventer.app.other.UpdateNickActivity
ADDED from src\main\AndroidManifest.xml:170:9-173:20
	android:screenOrientation
		ADDED from src\main\AndroidManifest.xml:172:13-49
	android:name
		ADDED from src\main\AndroidManifest.xml:171:13-53
activity#com.eventer.app.other.ChatRoomActivity
ADDED from src\main\AndroidManifest.xml:174:9-177:20
	android:screenOrientation
		ADDED from src\main\AndroidManifest.xml:176:13-49
	android:name
		ADDED from src\main\AndroidManifest.xml:175:13-51
activity#com.eventer.app.other.ChatRoomCreatActivity
ADDED from src\main\AndroidManifest.xml:178:9-182:20
	android:screenOrientation
		ADDED from src\main\AndroidManifest.xml:180:13-49
	android:windowSoftInputMode
		ADDED from src\main\AndroidManifest.xml:181:13-72
	android:name
		ADDED from src\main\AndroidManifest.xml:179:13-56
activity#com.mob.tools.MobUIShell
ADDED from src\main\AndroidManifest.xml:185:9-189:70
	android:windowSoftInputMode
		ADDED from src\main\AndroidManifest.xml:189:13-67
	android:configChanges
		ADDED from src\main\AndroidManifest.xml:187:13-74
	android:theme
		ADDED from src\main\AndroidManifest.xml:188:13-60
	android:name
		ADDED from src\main\AndroidManifest.xml:186:13-52
receiver#com.eventer.app.widget.calendar.AlarmReceiver
ADDED from src\main\AndroidManifest.xml:191:9-192:20
	android:name
		ADDED from src\main\AndroidManifest.xml:191:19-64
service#com.eventer.app.socket.SocketService
ADDED from src\main\AndroidManifest.xml:194:9-195:19
	android:name
		ADDED from src\main\AndroidManifest.xml:194:18-54
activity#com.eventer.app.other.Activity_EventDetail
ADDED from src\main\AndroidManifest.xml:197:9-201:20
	android:label
		ADDED from src\main\AndroidManifest.xml:199:13-74
	android:theme
		ADDED from src\main\AndroidManifest.xml:200:13-64
	android:name
		ADDED from src\main\AndroidManifest.xml:198:13-55
activity#com.eventer.app.main.FillInUserInfoActivity
ADDED from src\main\AndroidManifest.xml:202:9-205:20
	android:label
		ADDED from src\main\AndroidManifest.xml:204:13-69
	android:name
		ADDED from src\main\AndroidManifest.xml:203:13-56
activity#com.eventer.app.other.Activity_EventComment
ADDED from src\main\AndroidManifest.xml:206:9-211:20
	android:label
		ADDED from src\main\AndroidManifest.xml:208:13-65
	android:windowSoftInputMode
		ADDED from src\main\AndroidManifest.xml:210:13-72
	android:theme
		ADDED from src\main\AndroidManifest.xml:209:13-64
	android:name
		ADDED from src\main\AndroidManifest.xml:207:13-56
activity#com.eventer.app.other.ShareToSingleActivity
ADDED from src\main\AndroidManifest.xml:212:9-216:20
	android:label
		ADDED from src\main\AndroidManifest.xml:214:13-67
	android:windowSoftInputMode
		ADDED from src\main\AndroidManifest.xml:215:13-72
	android:name
		ADDED from src\main\AndroidManifest.xml:213:13-56
activity#com.eventer.app.other.ShareToGroupActivity
ADDED from src\main\AndroidManifest.xml:217:9-221:20
	android:label
		ADDED from src\main\AndroidManifest.xml:219:13-67
	android:windowSoftInputMode
		ADDED from src\main\AndroidManifest.xml:220:13-72
	android:name
		ADDED from src\main\AndroidManifest.xml:218:13-55
activity#com.eventer.app.other.ChatRoomSettingActivity
ADDED from src\main\AndroidManifest.xml:222:9-225:20
	android:label
		ADDED from src\main\AndroidManifest.xml:224:13-69
	android:name
		ADDED from src\main\AndroidManifest.xml:223:13-58
activity#com.eventer.app.other.CollectActivity
ADDED from src\main\AndroidManifest.xml:226:9-229:20
	android:label
		ADDED from src\main\AndroidManifest.xml:228:13-59
	android:name
		ADDED from src\main\AndroidManifest.xml:227:13-50
activity#com.eventer.app.other.BrowserHistoryActivity
ADDED from src\main\AndroidManifest.xml:230:9-233:20
	android:label
		ADDED from src\main\AndroidManifest.xml:232:13-67
	android:name
		ADDED from src\main\AndroidManifest.xml:231:13-57
activity#com.eventer.app.other.FeedbackActivity
ADDED from src\main\AndroidManifest.xml:234:9-238:20
	android:label
		ADDED from src\main\AndroidManifest.xml:236:13-60
	android:windowSoftInputMode
		ADDED from src\main\AndroidManifest.xml:237:13-68
	android:name
		ADDED from src\main\AndroidManifest.xml:235:13-51
activity#com.eventer.app.other.MsgAlertActivity
ADDED from src\main\AndroidManifest.xml:239:9-242:20
	android:label
		ADDED from src\main\AndroidManifest.xml:241:13-61
	android:name
		ADDED from src\main\AndroidManifest.xml:240:13-51
activity#com.eventer.app.other.ShareSchedualActivity
ADDED from src\main\AndroidManifest.xml:243:9-246:20
	android:label
		ADDED from src\main\AndroidManifest.xml:245:13-61
	android:name
		ADDED from src\main\AndroidManifest.xml:244:13-56
activity#com.eventer.app.other.AssistFunctionActivity
ADDED from src\main\AndroidManifest.xml:247:9-250:20
	android:label
		ADDED from src\main\AndroidManifest.xml:249:13-67
	android:name
		ADDED from src\main\AndroidManifest.xml:248:13-57
activity#com.eventer.app.other.AboutActivity
ADDED from src\main\AndroidManifest.xml:251:9-254:20
	android:label
		ADDED from src\main\AndroidManifest.xml:253:13-57
	android:name
		ADDED from src\main\AndroidManifest.xml:252:13-48
activity#com.eventer.app.other.OurTeamActivity
ADDED from src\main\AndroidManifest.xml:255:9-258:20
	android:label
		ADDED from src\main\AndroidManifest.xml:257:13-60
	android:name
		ADDED from src\main\AndroidManifest.xml:256:13-50
receiver#com.eventer.app.receiver.NetworkReceiver
ADDED from src\main\AndroidManifest.xml:265:9-272:20
	android:name
		ADDED from src\main\AndroidManifest.xml:265:19-59
intent-filter#android.intent.category.DEFAULT+android.net.conn.CONNECTIVITY_CHANGE
ADDED from src\main\AndroidManifest.xml:266:13-271:29
	android:priority
		ADDED from src\main\AndroidManifest.xml:266:28-57
action#android.net.conn.CONNECTIVITY_CHANGE
ADDED from src\main\AndroidManifest.xml:267:17-79
	android:name
		ADDED from src\main\AndroidManifest.xml:267:25-76
category#android.intent.category.DEFAULT
ADDED from src\main\AndroidManifest.xml:269:17-76
	android:name
		ADDED from src\main\AndroidManifest.xml:269:27-73
service#com.eventer.app.service.CheckInternetService
ADDED from src\main\AndroidManifest.xml:274:9-275:19
	android:name
		ADDED from src\main\AndroidManifest.xml:274:18-62
receiver#com.eventer.app.receiver.BootBroadcastReceiver
ADDED from src\main\AndroidManifest.xml:277:9-283:20
	android:enabled
		ADDED from src\main\AndroidManifest.xml:277:19-41
	android:name
		ADDED from src\main\AndroidManifest.xml:277:42-88
intent-filter#android.intent.action.BOOT_COMPLETED+android.intent.alarm.START+android.intent.category.DEFAULT
ADDED from src\main\AndroidManifest.xml:278:13-282:29
action#android.intent.action.BOOT_COMPLETED
ADDED from src\main\AndroidManifest.xml:279:17-78
	android:name
		ADDED from src\main\AndroidManifest.xml:279:25-76
action#android.intent.alarm.START
ADDED from src\main\AndroidManifest.xml:280:17-69
	android:name
		ADDED from src\main\AndroidManifest.xml:280:25-66
service#com.eventer.app.service.BootService
ADDED from src\main\AndroidManifest.xml:284:9-290:19
	android:enabled
		ADDED from src\main\AndroidManifest.xml:287:13-35
	android:label
		ADDED from src\main\AndroidManifest.xml:285:13-37
	android:exported
		ADDED from src\main\AndroidManifest.xml:288:13-36
	android:icon
		ADDED from src\main\AndroidManifest.xml:286:13-49
	android:name
		ADDED from src\main\AndroidManifest.xml:284:18-53
activity#com.eventer.app.other.GroupSchedualActivity
ADDED from src\main\AndroidManifest.xml:291:9-294:20
	android:label
		ADDED from src\main\AndroidManifest.xml:293:13-63
	android:name
		ADDED from src\main\AndroidManifest.xml:292:13-56
service#com.umeng.update.net.DownloadingService
ADDED from src\main\AndroidManifest.xml:300:8-303:19
	android:process
		ADDED from src\main\AndroidManifest.xml:302:13-50
	android:name
		ADDED from src\main\AndroidManifest.xml:301:13-67
activity#com.umeng.update.UpdateDialogActivity
ADDED from src\main\AndroidManifest.xml:305:9-308:20
	android:theme
		ADDED from src\main\AndroidManifest.xml:307:13-72
	android:name
		ADDED from src\main\AndroidManifest.xml:306:13-65
activity#com.soundcloud.android.crop.CropImageActivity
ADDED from src\main\AndroidManifest.xml:309:9-310:49
	android:theme
		ADDED from src\main\AndroidManifest.xml:310:13-47
	android:name
		ADDED from src\main\AndroidManifest.xml:309:19-79
meta-data#UMENG_APPKEY
ADDED from src\main\AndroidManifest.xml:312:9-314:56
	android:value
		ADDED from src\main\AndroidManifest.xml:314:13-53
	android:name
		ADDED from src\main\AndroidManifest.xml:313:13-40
meta-data#UMENG_CHANNEL
ADDED from src\main\AndroidManifest.xml:315:9-317:37
	android:value
		ADDED from src\main\AndroidManifest.xml:317:13-34
	android:name
		ADDED from src\main\AndroidManifest.xml:316:13-41
uses-sdk
INJECTED from src\main\AndroidManifest.xml reason: use-sdk injection requested
MERGED from [ProjectAS:toggleButtonLib:unspecified] AndroidManifest.xml:7:5-9:41
MERGED from [ProjectAS:sMSSDK:unspecified] AndroidManifest.xml:7:5-9:41
MERGED from [com.android.support:appcompat-v7:23.1.1] AndroidManifest.xml:20:5-43
MERGED from [com.android.support:support-v4:23.1.1] AndroidManifest.xml:20:5-43
MERGED from [ProjectAS:lib:unspecified] AndroidManifest.xml:6:5-8:41
MERGED from [com.android.support:support-v4:23.1.1] AndroidManifest.xml:20:5-43
	android:targetSdkVersion
		INJECTED from src\main\AndroidManifest.xml
		INJECTED from src\main\AndroidManifest.xml
	android:minSdkVersion
		INJECTED from src\main\AndroidManifest.xml
		INJECTED from src\main\AndroidManifest.xml